<?xml version="1.0" encoding="UTF-8"?>
<testng-results skipped="0" failed="0" ignored="0" total="1" passed="1">
  <reporter-output>
  </reporter-output>
  <suite name="Default suite" duration-ms="54" started-at="2020-12-07T12:53:19 EST" finished-at="2020-12-07T12:53:19 EST">
    <groups>
    </groups>
    <test name="Default test" duration-ms="54" started-at="2020-12-07T12:53:19 EST" finished-at="2020-12-07T12:53:19 EST">
      <class name="TestMVN">
        <test-method status="PASS" signature="testHello()[pri:0, instance:TestMVN@4f970963]" name="testHello" duration-ms="10" started-at="2020-12-07T12:53:19 EST" finished-at="2020-12-07T12:53:19 EST">
          <reporter-output>
          </reporter-output>
        </test-method> <!-- testHello -->
      </class> <!-- TestMVN -->
    </test> <!-- Default test -->
  </suite> <!-- Default suite -->
</testng-results>
