<?xml version="1.0" encoding="UTF-8"?>
<testng-results ignored="0" total="1" passed="1" failed="0" skipped="0">
  <reporter-output>
  </reporter-output>
  <suite started-at="2020-12-09T13:06:58 EST" name="Default suite" finished-at="2020-12-09T13:06:58 EST" duration-ms="31">
    <groups>
    </groups>
    <test started-at="2020-12-09T13:06:58 EST" name="Default test" finished-at="2020-12-09T13:06:58 EST" duration-ms="31">
      <class name="TestMVN">
        <test-method signature="testHello()[pri:0, instance:TestMVN@e4487af]" started-at="2020-12-09T13:06:58 EST" name="testHello" finished-at="2020-12-09T13:06:58 EST" duration-ms="7" status="PASS">
          <reporter-output>
          </reporter-output>
        </test-method> <!-- testHello -->
      </class> <!-- TestMVN -->
    </test> <!-- Default test -->
  </suite> <!-- Default suite -->
</testng-results>
